INFO: [VRFC 10-2263] Analyzing Verilog file "E:/NKU/lesson/class file/junior1/architecture/architecture experiment/pipeline/pipeline.srcs/sources_1/ip/data_ram/sim/data_ram.v" into library xil_defaultlib
INFO: [VRFC 10-311] analyzing module data_ram
INFO: [VRFC 10-2263] Analyzing Verilog file "E:/NKU/lesson/class file/junior1/architecture/architecture experiment/pipeline/pipeline.srcs/sources_1/ip/inst_rom/sim/inst_rom.v" into library xil_defaultlib
INFO: [VRFC 10-311] analyzing module inst_rom
INFO: [VRFC 10-2263] Analyzing Verilog file "E:/NKU/lesson/class file/junior1/architecture/architecture experiment/pipeline/pipeline.srcs/sources_1/new/adder.v" into library xil_defaultlib
INFO: [VRFC 10-311] analyzing module adder
INFO: [VRFC 10-2263] Analyzing Verilog file "E:/NKU/lesson/class file/junior1/architecture/architecture experiment/pipeline/pipeline.srcs/sources_1/new/alu.v" into library xil_defaultlib
INFO: [VRFC 10-311] analyzing module alu
INFO: [VRFC 10-2263] Analyzing Verilog file "E:/NKU/lesson/class file/junior1/architecture/architecture experiment/pipeline/pipeline.srcs/sources_1/new/bp.v" into library xil_defaultlib
INFO: [VRFC 10-311] analyzing module bp
INFO: [VRFC 10-2263] Analyzing Verilog file "E:/NKU/lesson/class file/junior1/architecture/architecture experiment/pipeline/pipeline.srcs/sources_1/new/decode.v" into library xil_defaultlib
INFO: [VRFC 10-311] analyzing module decode
WARNING: [VRFC 10-3380] identifier 'predict_valid' is used before its declaration [E:/NKU/lesson/class file/junior1/architecture/architecture experiment/pipeline/pipeline.srcs/sources_1/new/decode.v:40]
WARNING: [VRFC 10-3380] identifier 'predict_valid' is used before its declaration [E:/NKU/lesson/class file/junior1/architecture/architecture experiment/pipeline/pipeline.srcs/sources_1/new/decode.v:41]
WARNING: [VRFC 10-3380] identifier 'predict_taken' is used before its declaration [E:/NKU/lesson/class file/junior1/architecture/architecture experiment/pipeline/pipeline.srcs/sources_1/new/decode.v:246]
INFO: [VRFC 10-2263] Analyzing Verilog file "E:/NKU/lesson/class file/junior1/architecture/architecture experiment/pipeline/pipeline.srcs/sources_1/new/exe.v" into library xil_defaultlib
INFO: [VRFC 10-311] analyzing module exe
INFO: [VRFC 10-2263] Analyzing Verilog file "E:/NKU/lesson/class file/junior1/architecture/architecture experiment/pipeline/pipeline.srcs/sources_1/new/fetch.v" into library xil_defaultlib
INFO: [VRFC 10-311] analyzing module fetch
INFO: [VRFC 10-2263] Analyzing Verilog file "E:/NKU/lesson/class file/junior1/architecture/architecture experiment/pipeline/pipeline.srcs/sources_1/new/mem.v" into library xil_defaultlib
INFO: [VRFC 10-311] analyzing module mem
INFO: [VRFC 10-2263] Analyzing Verilog file "E:/NKU/lesson/class file/junior1/architecture/architecture experiment/pipeline/pipeline.srcs/sources_1/new/multiply.v" into library xil_defaultlib
INFO: [VRFC 10-311] analyzing module multiply
WARNING: [VRFC 10-3380] identifier 'multiplier' is used before its declaration [E:/NKU/lesson/class file/junior1/architecture/architecture experiment/pipeline/pipeline.srcs/sources_1/new/multiply.v:19]
INFO: [VRFC 10-2263] Analyzing Verilog file "E:/NKU/lesson/class file/junior1/architecture/architecture experiment/pipeline/pipeline.srcs/sources_1/new/pipeline_cpu.v" into library xil_defaultlib
INFO: [VRFC 10-311] analyzing module pipeline_cpu
WARNING: [VRFC 10-3380] identifier 'jbr_bus' is used before its declaration [E:/NKU/lesson/class file/junior1/architecture/architecture experiment/pipeline/pipeline.srcs/sources_1/new/pipeline_cpu.v:63]
WARNING: [VRFC 10-3380] identifier 'predict_error' is used before its declaration [E:/NKU/lesson/class file/junior1/architecture/architecture experiment/pipeline/pipeline.srcs/sources_1/new/pipeline_cpu.v:64]
WARNING: [VRFC 10-3380] identifier 'IF_over' is used before its declaration [E:/NKU/lesson/class file/junior1/architecture/architecture experiment/pipeline/pipeline.srcs/sources_1/new/pipeline_cpu.v:66]
WARNING: [VRFC 10-3380] identifier 'EXE_over' is used before its declaration [E:/NKU/lesson/class file/junior1/architecture/architecture experiment/pipeline/pipeline.srcs/sources_1/new/pipeline_cpu.v:67]
WARNING: [VRFC 10-3380] identifier 'IF_allow_in' is used before its declaration [E:/NKU/lesson/class file/junior1/architecture/architecture experiment/pipeline/pipeline.srcs/sources_1/new/pipeline_cpu.v:68]
WARNING: [VRFC 10-3380] identifier 'EXE_allow_in' is used before its declaration [E:/NKU/lesson/class file/junior1/architecture/architecture experiment/pipeline/pipeline.srcs/sources_1/new/pipeline_cpu.v:69]
WARNING: [VRFC 10-3380] identifier 'inst' is used before its declaration [E:/NKU/lesson/class file/junior1/architecture/architecture experiment/pipeline/pipeline.srcs/sources_1/new/pipeline_cpu.v:71]
WARNING: [VRFC 10-3380] identifier 'inst_addr' is used before its declaration [E:/NKU/lesson/class file/junior1/architecture/architecture experiment/pipeline/pipeline.srcs/sources_1/new/pipeline_cpu.v:72]
WARNING: [VRFC 10-3380] identifier 'next_fetch' is used before its declaration [E:/NKU/lesson/class file/junior1/architecture/architecture experiment/pipeline/pipeline.srcs/sources_1/new/pipeline_cpu.v:73]
WARNING: [VRFC 10-3380] identifier 'rs_value' is used before its declaration [E:/NKU/lesson/class file/junior1/architecture/architecture experiment/pipeline/pipeline.srcs/sources_1/new/pipeline_cpu.v:75]
WARNING: [VRFC 10-3380] identifier 'rs' is used before its declaration [E:/NKU/lesson/class file/junior1/architecture/architecture experiment/pipeline/pipeline.srcs/sources_1/new/pipeline_cpu.v:76]
WARNING: [VRFC 10-3380] identifier 'rt_value' is used before its declaration [E:/NKU/lesson/class file/junior1/architecture/architecture experiment/pipeline/pipeline.srcs/sources_1/new/pipeline_cpu.v:77]
WARNING: [VRFC 10-3380] identifier 'rt' is used before its declaration [E:/NKU/lesson/class file/junior1/architecture/architecture experiment/pipeline/pipeline.srcs/sources_1/new/pipeline_cpu.v:78]
WARNING: [VRFC 10-3380] identifier 'IF_ID_bus' is used before its declaration [E:/NKU/lesson/class file/junior1/architecture/architecture experiment/pipeline/pipeline.srcs/sources_1/new/pipeline_cpu.v:80]
WARNING: [VRFC 10-3380] identifier 'ID_EXE_bus' is used before its declaration [E:/NKU/lesson/class file/junior1/architecture/architecture experiment/pipeline/pipeline.srcs/sources_1/new/pipeline_cpu.v:81]
WARNING: [VRFC 10-3380] identifier 'EXE_MEM_bus' is used before its declaration [E:/NKU/lesson/class file/junior1/architecture/architecture experiment/pipeline/pipeline.srcs/sources_1/new/pipeline_cpu.v:82]
WARNING: [VRFC 10-3380] identifier 'MEM_WB_bus' is used before its declaration [E:/NKU/lesson/class file/junior1/architecture/architecture experiment/pipeline/pipeline.srcs/sources_1/new/pipeline_cpu.v:83]
WARNING: [VRFC 10-3380] identifier 'IF_ID_bus_r' is used before its declaration [E:/NKU/lesson/class file/junior1/architecture/architecture experiment/pipeline/pipeline.srcs/sources_1/new/pipeline_cpu.v:86]
WARNING: [VRFC 10-3380] identifier 'ID_EXE_bus_r' is used before its declaration [E:/NKU/lesson/class file/junior1/architecture/architecture experiment/pipeline/pipeline.srcs/sources_1/new/pipeline_cpu.v:87]
WARNING: [VRFC 10-3380] identifier 'EXE_MEM_bus_r' is used before its declaration [E:/NKU/lesson/class file/junior1/architecture/architecture experiment/pipeline/pipeline.srcs/sources_1/new/pipeline_cpu.v:88]
WARNING: [VRFC 10-3380] identifier 'MEM_WB_bus_r' is used before its declaration [E:/NKU/lesson/class file/junior1/architecture/architecture experiment/pipeline/pipeline.srcs/sources_1/new/pipeline_cpu.v:89]
INFO: [VRFC 10-2263] Analyzing Verilog file "E:/NKU/lesson/class file/junior1/architecture/architecture experiment/pipeline/pipeline.srcs/sources_1/new/regfile.v" into library xil_defaultlib
INFO: [VRFC 10-311] analyzing module regfile
INFO: [VRFC 10-2263] Analyzing Verilog file "E:/NKU/lesson/class file/junior1/architecture/architecture experiment/pipeline/pipeline.srcs/sources_1/new/wb.v" into library xil_defaultlib
INFO: [VRFC 10-311] analyzing module wb
INFO: [VRFC 10-2263] Analyzing Verilog file "E:/NKU/lesson/class file/junior1/architecture/architecture experiment/pipeline/pipeline.srcs/sim_1/new/predict.v" into library xil_defaultlib
INFO: [VRFC 10-311] analyzing module predict
