Vivado Simulator 2018.3
Time resolution is 1 ps
 Block Memory Generator module loading initial data...
 Block Memory Generator data initialization complete.
Block Memory Generator module tb.uut.inst_rom_module.inst.native_mem_module.blk_mem_gen_v8_4_2_inst is using a behavioral model for simulation which will not precisely model memory collision behavior.
Block Memory Generator module tb.uut.data_ram_module.inst.native_mem_module.blk_mem_gen_v8_4_2_inst is using a behavioral model for simulation which will not precisely model memory collision behavior.
blk_mem_gen_v8_4_2 collision detected at time: 305000, Instance: tb.uut.data_ram_module.inst.native_mem_module.blk_mem_gen_v8_4_2_inst, A write address: 1, B  read address: 1
blk_mem_gen_v8_4_2 collision detected at time: 2525000, Instance: tb.uut.data_ram_module.inst.native_mem_module.blk_mem_gen_v8_4_2_inst, A write address: 1, B  read address: 1
blk_mem_gen_v8_4_2 collision detected at time: 4745000, Instance: tb.uut.data_ram_module.inst.native_mem_module.blk_mem_gen_v8_4_2_inst, A write address: 1, B  read address: 1
blk_mem_gen_v8_4_2 collision detected at time: 6965000, Instance: tb.uut.data_ram_module.inst.native_mem_module.blk_mem_gen_v8_4_2_inst, A write address: 1, B  read address: 1
blk_mem_gen_v8_4_2 collision detected at time: 9185000, Instance: tb.uut.data_ram_module.inst.native_mem_module.blk_mem_gen_v8_4_2_inst, A write address: 1, B  read address: 1
blk_mem_gen_v8_4_2 collision detected at time: 11405000, Instance: tb.uut.data_ram_module.inst.native_mem_module.blk_mem_gen_v8_4_2_inst, A write address: 1, B  read address: 1
blk_mem_gen_v8_4_2 collision detected at time: 13625000, Instance: tb.uut.data_ram_module.inst.native_mem_module.blk_mem_gen_v8_4_2_inst, A write address: 1, B  read address: 1
blk_mem_gen_v8_4_2 collision detected at time: 15845000, Instance: tb.uut.data_ram_module.inst.native_mem_module.blk_mem_gen_v8_4_2_inst, A write address: 1, B  read address: 1
blk_mem_gen_v8_4_2 collision detected at time: 18065000, Instance: tb.uut.data_ram_module.inst.native_mem_module.blk_mem_gen_v8_4_2_inst, A write address: 1, B  read address: 1
blk_mem_gen_v8_4_2 collision detected at time: 20285000, Instance: tb.uut.data_ram_module.inst.native_mem_module.blk_mem_gen_v8_4_2_inst, A write address: 1, B  read address: 1
blk_mem_gen_v8_4_2 collision detected at time: 22505000, Instance: tb.uut.data_ram_module.inst.native_mem_module.blk_mem_gen_v8_4_2_inst, A write address: 1, B  read address: 1
blk_mem_gen_v8_4_2 collision detected at time: 24725000, Instance: tb.uut.data_ram_module.inst.native_mem_module.blk_mem_gen_v8_4_2_inst, A write address: 1, B  read address: 1
blk_mem_gen_v8_4_2 collision detected at time: 26945000, Instance: tb.uut.data_ram_module.inst.native_mem_module.blk_mem_gen_v8_4_2_inst, A write address: 1, B  read address: 1
blk_mem_gen_v8_4_2 collision detected at time: 29165000, Instance: tb.uut.data_ram_module.inst.native_mem_module.blk_mem_gen_v8_4_2_inst, A write address: 1, B  read address: 1
blk_mem_gen_v8_4_2 collision detected at time: 31385000, Instance: tb.uut.data_ram_module.inst.native_mem_module.blk_mem_gen_v8_4_2_inst, A write address: 1, B  read address: 1
blk_mem_gen_v8_4_2 collision detected at time: 33605000, Instance: tb.uut.data_ram_module.inst.native_mem_module.blk_mem_gen_v8_4_2_inst, A write address: 1, B  read address: 1
blk_mem_gen_v8_4_2 collision detected at time: 35825000, Instance: tb.uut.data_ram_module.inst.native_mem_module.blk_mem_gen_v8_4_2_inst, A write address: 1, B  read address: 1
blk_mem_gen_v8_4_2 collision detected at time: 38045000, Instance: tb.uut.data_ram_module.inst.native_mem_module.blk_mem_gen_v8_4_2_inst, A write address: 1, B  read address: 1
blk_mem_gen_v8_4_2 collision detected at time: 40265000, Instance: tb.uut.data_ram_module.inst.native_mem_module.blk_mem_gen_v8_4_2_inst, A write address: 1, B  read address: 1
blk_mem_gen_v8_4_2 collision detected at time: 42485000, Instance: tb.uut.data_ram_module.inst.native_mem_module.blk_mem_gen_v8_4_2_inst, A write address: 1, B  read address: 1
blk_mem_gen_v8_4_2 collision detected at time: 44705000, Instance: tb.uut.data_ram_module.inst.native_mem_module.blk_mem_gen_v8_4_2_inst, A write address: 1, B  read address: 1
blk_mem_gen_v8_4_2 collision detected at time: 46925000, Instance: tb.uut.data_ram_module.inst.native_mem_module.blk_mem_gen_v8_4_2_inst, A write address: 1, B  read address: 1
blk_mem_gen_v8_4_2 collision detected at time: 49145000, Instance: tb.uut.data_ram_module.inst.native_mem_module.blk_mem_gen_v8_4_2_inst, A write address: 1, B  read address: 1
blk_mem_gen_v8_4_2 collision detected at time: 51365000, Instance: tb.uut.data_ram_module.inst.native_mem_module.blk_mem_gen_v8_4_2_inst, A write address: 1, B  read address: 1
blk_mem_gen_v8_4_2 collision detected at time: 53585000, Instance: tb.uut.data_ram_module.inst.native_mem_module.blk_mem_gen_v8_4_2_inst, A write address: 1, B  read address: 1
blk_mem_gen_v8_4_2 collision detected at time: 55805000, Instance: tb.uut.data_ram_module.inst.native_mem_module.blk_mem_gen_v8_4_2_inst, A write address: 1, B  read address: 1
blk_mem_gen_v8_4_2 collision detected at time: 58025000, Instance: tb.uut.data_ram_module.inst.native_mem_module.blk_mem_gen_v8_4_2_inst, A write address: 1, B  read address: 1
blk_mem_gen_v8_4_2 collision detected at time: 60245000, Instance: tb.uut.data_ram_module.inst.native_mem_module.blk_mem_gen_v8_4_2_inst, A write address: 1, B  read address: 1
blk_mem_gen_v8_4_2 collision detected at time: 62465000, Instance: tb.uut.data_ram_module.inst.native_mem_module.blk_mem_gen_v8_4_2_inst, A write address: 1, B  read address: 1
blk_mem_gen_v8_4_2 collision detected at time: 64685000, Instance: tb.uut.data_ram_module.inst.native_mem_module.blk_mem_gen_v8_4_2_inst, A write address: 1, B  read address: 1
blk_mem_gen_v8_4_2 collision detected at time: 66905000, Instance: tb.uut.data_ram_module.inst.native_mem_module.blk_mem_gen_v8_4_2_inst, A write address: 1, B  read address: 1
blk_mem_gen_v8_4_2 collision detected at time: 69125000, Instance: tb.uut.data_ram_module.inst.native_mem_module.blk_mem_gen_v8_4_2_inst, A write address: 1, B  read address: 1
blk_mem_gen_v8_4_2 collision detected at time: 71345000, Instance: tb.uut.data_ram_module.inst.native_mem_module.blk_mem_gen_v8_4_2_inst, A write address: 1, B  read address: 1
blk_mem_gen_v8_4_2 collision detected at time: 73565000, Instance: tb.uut.data_ram_module.inst.native_mem_module.blk_mem_gen_v8_4_2_inst, A write address: 1, B  read address: 1
blk_mem_gen_v8_4_2 collision detected at time: 75785000, Instance: tb.uut.data_ram_module.inst.native_mem_module.blk_mem_gen_v8_4_2_inst, A write address: 1, B  read address: 1
blk_mem_gen_v8_4_2 collision detected at time: 78005000, Instance: tb.uut.data_ram_module.inst.native_mem_module.blk_mem_gen_v8_4_2_inst, A write address: 1, B  read address: 1
blk_mem_gen_v8_4_2 collision detected at time: 80225000, Instance: tb.uut.data_ram_module.inst.native_mem_module.blk_mem_gen_v8_4_2_inst, A write address: 1, B  read address: 1
blk_mem_gen_v8_4_2 collision detected at time: 82445000, Instance: tb.uut.data_ram_module.inst.native_mem_module.blk_mem_gen_v8_4_2_inst, A write address: 1, B  read address: 1
blk_mem_gen_v8_4_2 collision detected at time: 84665000, Instance: tb.uut.data_ram_module.inst.native_mem_module.blk_mem_gen_v8_4_2_inst, A write address: 1, B  read address: 1
blk_mem_gen_v8_4_2 collision detected at time: 86885000, Instance: tb.uut.data_ram_module.inst.native_mem_module.blk_mem_gen_v8_4_2_inst, A write address: 1, B  read address: 1
blk_mem_gen_v8_4_2 collision detected at time: 89105000, Instance: tb.uut.data_ram_module.inst.native_mem_module.blk_mem_gen_v8_4_2_inst, A write address: 1, B  read address: 1
blk_mem_gen_v8_4_2 collision detected at time: 91325000, Instance: tb.uut.data_ram_module.inst.native_mem_module.blk_mem_gen_v8_4_2_inst, A write address: 1, B  read address: 1
blk_mem_gen_v8_4_2 collision detected at time: 93545000, Instance: tb.uut.data_ram_module.inst.native_mem_module.blk_mem_gen_v8_4_2_inst, A write address: 1, B  read address: 1
blk_mem_gen_v8_4_2 collision detected at time: 95765000, Instance: tb.uut.data_ram_module.inst.native_mem_module.blk_mem_gen_v8_4_2_inst, A write address: 1, B  read address: 1
blk_mem_gen_v8_4_2 collision detected at time: 97985000, Instance: tb.uut.data_ram_module.inst.native_mem_module.blk_mem_gen_v8_4_2_inst, A write address: 1, B  read address: 1
blk_mem_gen_v8_4_2 collision detected at time: 100205000, Instance: tb.uut.data_ram_module.inst.native_mem_module.blk_mem_gen_v8_4_2_inst, A write address: 1, B  read address: 1
