INFO: [VRFC 10-2263] Analyzing Verilog file "E:/NKU/lesson/class file/junior1/architecture/architecture experiment/pipeline/pipeline.srcs/sources_1/ip/data_ram/sim/data_ram.v" into library xil_defaultlib
INFO: [VRFC 10-311] analyzing module data_ram
INFO: [VRFC 10-2263] Analyzing Verilog file "E:/NKU/lesson/class file/junior1/architecture/architecture experiment/pipeline/pipeline.srcs/sources_1/ip/inst_rom/sim/inst_rom.v" into library xil_defaultlib
INFO: [VRFC 10-311] analyzing module inst_rom
INFO: [VRFC 10-2263] Analyzing Verilog file "E:/NKU/lesson/class file/junior1/architecture/architecture experiment/pipeline/pipeline.srcs/sources_1/new/adder.v" into library xil_defaultlib
INFO: [VRFC 10-311] analyzing module adder
INFO: [VRFC 10-2263] Analyzing Verilog file "E:/NKU/lesson/class file/junior1/architecture/architecture experiment/pipeline/pipeline.srcs/sources_1/new/alu.v" into library xil_defaultlib
INFO: [VRFC 10-311] analyzing module alu
INFO: [VRFC 10-2263] Analyzing Verilog file "E:/NKU/lesson/class file/junior1/architecture/architecture experiment/pipeline/pipeline.srcs/sources_1/new/decode.v" into library xil_defaultlib
INFO: [VRFC 10-311] analyzing module decode
INFO: [VRFC 10-2263] Analyzing Verilog file "E:/NKU/lesson/class file/junior1/architecture/architecture experiment/pipeline/pipeline.srcs/sources_1/new/exe.v" into library xil_defaultlib
INFO: [VRFC 10-311] analyzing module exe
INFO: [VRFC 10-2263] Analyzing Verilog file "E:/NKU/lesson/class file/junior1/architecture/architecture experiment/pipeline/pipeline.srcs/sources_1/new/fetch.v" into library xil_defaultlib
INFO: [VRFC 10-311] analyzing module fetch
INFO: [VRFC 10-2263] Analyzing Verilog file "E:/NKU/lesson/class file/junior1/architecture/architecture experiment/pipeline/pipeline.srcs/sources_1/new/mem.v" into library xil_defaultlib
INFO: [VRFC 10-311] analyzing module mem
INFO: [VRFC 10-2263] Analyzing Verilog file "E:/NKU/lesson/class file/junior1/architecture/architecture experiment/pipeline/pipeline.srcs/sources_1/new/multiply.v" into library xil_defaultlib
INFO: [VRFC 10-311] analyzing module multiply
WARNING: [VRFC 10-3380] identifier 'multiplier' is used before its declaration [E:/NKU/lesson/class file/junior1/architecture/architecture experiment/pipeline/pipeline.srcs/sources_1/new/multiply.v:19]
INFO: [VRFC 10-2263] Analyzing Verilog file "E:/NKU/lesson/class file/junior1/architecture/architecture experiment/pipeline/pipeline.srcs/sources_1/new/pipeline_cpu.v" into library xil_defaultlib
INFO: [VRFC 10-311] analyzing module pipeline_cpu
INFO: [VRFC 10-2263] Analyzing Verilog file "E:/NKU/lesson/class file/junior1/architecture/architecture experiment/pipeline/pipeline.srcs/sources_1/new/regfile.v" into library xil_defaultlib
INFO: [VRFC 10-311] analyzing module regfile
INFO: [VRFC 10-2263] Analyzing Verilog file "E:/NKU/lesson/class file/junior1/architecture/architecture experiment/pipeline/pipeline.srcs/sources_1/new/wb.v" into library xil_defaultlib
INFO: [VRFC 10-311] analyzing module wb
INFO: [VRFC 10-2263] Analyzing Verilog file "E:/NKU/lesson/class file/junior1/architecture/architecture experiment/pipeline/pipeline.srcs/sources_1/new/pipeline_cpu_display.v" into library xil_defaultlib
INFO: [VRFC 10-311] analyzing module pipeline_cpu_display
INFO: [VRFC 10-2263] Analyzing Verilog file "E:/NKU/lesson/class file/junior1/architecture/architecture experiment/pipeline/pipeline.srcs/sim_1/new/tb.v" into library xil_defaultlib
INFO: [VRFC 10-311] analyzing module tb
